<?xml version="1.0" encoding="UTF-8"?>
<!-- Generated by org.testng.reporters.JUnitXMLReporter -->
<testsuite hostname="DESKTOP-2S5GRH2" ignored="2" name="Default test" tests="1" failures="0" timestamp="28 Aug 2019 06:22:43 GMT" time="23.584" errors="0">
  <testcase name="verify_Valuechain_wesite_navigation_on_clicking_Valuechain_logo_Test" time="7.5" classname="com.testcases.LoginPageTest"/>
  <testcase name="Login_Test" time="0.0" classname="com.testcases.LoginPageTest">
    <ignored/>
  </testcase> <!-- Login_Test -->
  <testcase name="LoginPage_Title_Test" time="0.0" classname="com.testcases.LoginPageTest">
    <ignored/>
  </testcase> <!-- LoginPage_Title_Test -->
</testsuite> <!-- Default test -->
