<?xml version="1.0" encoding="UTF-8"?>
<testng-results skipped="0" failed="0" ignored="2" total="3" passed="1">
  <reporter-output>
    <line>
      <![CDATA[Title of the page is: Valuechain | Smart Manufacturing Software to Create World-Class Supply Chains]]>
    </line>
    <line>
      <![CDATA[User able to navigate valuechain website on clicking Valuechain log]]>
    </line>
  </reporter-output>
  <suite name="Default suite" duration-ms="23584" started-at="2019-08-28T06:22:19Z" finished-at="2019-08-28T06:22:43Z">
    <groups>
    </groups>
    <test name="Default test" duration-ms="23584" started-at="2019-08-28T06:22:19Z" finished-at="2019-08-28T06:22:43Z">
      <class name="com.testcases.LoginPageTest">
        <test-method status="PASS" signature="setup()[pri:0, instance:com.testcases.LoginPageTest@73ad2d6]" name="setup" is-config="true" duration-ms="15208" started-at="2019-08-28T06:22:19Z" finished-at="2019-08-28T06:22:34Z">
          <reporter-output>
          </reporter-output>
        </test-method> <!-- setup -->
        <test-method status="PASS" signature="verify_Valuechain_wesite_navigation_on_clicking_Valuechain_logo_Test()[pri:0, instance:com.testcases.LoginPageTest@73ad2d6]" name="verify_Valuechain_wesite_navigation_on_clicking_Valuechain_logo_Test" duration-ms="7500" started-at="2019-08-28T06:22:34Z" finished-at="2019-08-28T06:22:42Z">
          <reporter-output>
            <line>
              <![CDATA[Title of the page is: Valuechain | Smart Manufacturing Software to Create World-Class Supply Chains]]>
            </line>
            <line>
              <![CDATA[User able to navigate valuechain website on clicking Valuechain log]]>
            </line>
          </reporter-output>
        </test-method> <!-- verify_Valuechain_wesite_navigation_on_clicking_Valuechain_logo_Test -->
        <test-method status="PASS" signature="tearDown()[pri:0, instance:com.testcases.LoginPageTest@73ad2d6]" name="tearDown" is-config="true" duration-ms="821" started-at="2019-08-28T06:22:42Z" finished-at="2019-08-28T06:22:43Z">
          <reporter-output>
          </reporter-output>
        </test-method> <!-- tearDown -->
      </class> <!-- com.testcases.LoginPageTest -->
    </test> <!-- Default test -->
  </suite> <!-- Default suite -->
</testng-results>
